1:1:123
2:1:+
3:1:x
4:1:bool
5:1:int
6:1:void
7:1:true
8:1:false
9:1:struct
10:1:cin
11:1:cout
12:1:if
13:1:else
14:1:while
15:1:return
16:1:_
17:1:xhmg
18:1:lfxn
19:1:x_fxb435
20:1:34
20:3:_sssgf
21:1:24
21:3:asdf
22:1:2147483647
23:1:452345
27:1:lfxn
29:1:lfxn
31:1:a
32:1:""
33:1:"&!88"
34:1:"use \n to denote a newline character"
35:1:"include a quote like this \" and a backslash like this \\"
36:1:{
37:1:}
38:1:M
38:2:(
39:1:)
40:1:;
41:1:,
42:1:.
43:1:<<
44:1:(
45:1:>>
46:1:++
47:1:--
48:1:+
49:1:-
50:1:*
52:1:!
53:1:&&
56:1:||
57:1:==
58:1:!=
59:1:<
61:2:cfhgfh
61:11:cgn
62:1:>
63:1:<=
64:1:>=
65:1:=
66:1:{
66:2:}
67:1:;
67:2:,
67:3:.
67:4:<<
67:6:>>
67:8:++
67:10:+
67:11:--
67:13:-
67:14:*
68:15:!=
68:17:==
68:19:=
69:1:<<
69:3:<=
70:1:=
70:2:>>
70:4:>=
70:6:==
